# JRE version: Java(TM) SE Runtime Environment 18.9 (11.0.9+7) (build 11.0.9+7-LTS)
# Java VM: Java HotSpot(TM) 64-Bit Server VM 18.9 (11.0.9+7-LTS, mixed mode, tiered, compressed oops, serial gc, linux-amd64)
Heap:
 def new generation   total 16704K, used 5511K [0x00000000cc400000, 0x00000000cd620000, 0x00000000dd800000)
  eden space 14848K,  31% used [0x00000000cc400000, 0x00000000cc8a2528, 0x00000000cd280000)
  from space 1856K,  41% used [0x00000000cd450000, 0x00000000cd50f940, 0x00000000cd620000)
  to   space 1856K,   0% used [0x00000000cd280000, 0x00000000cd280000, 0x00000000cd450000)
 tenured generation   total 37076K, used 31820K [0x00000000dd800000, 0x00000000dfc35000, 0x0000000100000000)
   the space 37076K,  85% used [0x00000000dd800000, 0x00000000df7130e8, 0x00000000df713200, 0x00000000dfc35000)
 Metaspace       used 70339K, capacity 72008K, committed 72240K, reserved 1112064K
  class space    used 8820K, capacity 9478K, committed 9600K, reserved 1048576K
GC Heap History (10 events):
Event: 52.851 GC heap before
{Heap before GC invocations=56 (full 3):
 def new generation   total 16704K, used 15638K [0x00000000cc400000, 0x00000000cd620000, 0x00000000dd800000)
  eden space 14848K, 100% used [0x00000000cc400000, 0x00000000cd280000, 0x00000000cd280000)
  from space 1856K,  42% used [0x00000000cd280000, 0x00000000cd345988, 0x00000000cd450000)
  to   space 1856K,   0% used [0x00000000cd450000, 0x00000000cd450000, 0x00000000cd620000)
 tenured generation   total 37076K, used 28272K [0x00000000dd800000, 0x00000000dfc35000, 0x0000000100000000)
   the space 37076K,  76% used [0x00000000dd800000, 0x00000000df39c2b0, 0x00000000df39c400, 0x00000000dfc35000)
 Metaspace       used 65920K, capacity 67421K, committed 67760K, reserved 1107968K
  class space    used 8296K, capacity 8897K, committed 8960K, reserved 1048576K
}
Event: 52.862 GC heap after
{Heap after GC invocations=57 (full 3):
 def new generation   total 16704K, used 1429K [0x00000000cc400000, 0x00000000cd620000, 0x00000000dd800000)
  eden space 14848K,   0% used [0x00000000cc400000, 0x00000000cc400000, 0x00000000cd280000)
  from space 1856K,  77% used [0x00000000cd450000, 0x00000000cd5b56e8, 0x00000000cd620000)
  to   space 1856K,   0% used [0x00000000cd280000, 0x00000000cd280000, 0x00000000cd450000)
 tenured generation   total 37076K, used 28272K [0x00000000dd800000, 0x00000000dfc35000, 0x0000000100000000)
   the space 37076K,  76% used [0x00000000dd800000, 0x00000000df39c2b0, 0x00000000df39c400, 0x00000000dfc35000)
 Metaspace       used 65920K, capacity 67421K, committed 67760K, reserved 1107968K
  class space    used 8296K, capacity 8897K, committed 8960K, reserved 1048576K
}
Event: 53.726 GC heap before
{Heap before GC invocations=57 (full 3):
 def new generation   total 16704K, used 16277K [0x00000000cc400000, 0x00000000cd620000, 0x00000000dd800000)
  eden space 14848K, 100% used [0x00000000cc400000, 0x00000000cd280000, 0x00000000cd280000)
  from space 1856K,  77% used [0x00000000cd450000, 0x00000000cd5b56e8, 0x00000000cd620000)
  to   space 1856K,   0% used [0x00000000cd280000, 0x00000000cd280000, 0x00000000cd450000)
 tenured generation   total 37076K, used 28272K [0x00000000dd800000, 0x00000000dfc35000, 0x0000000100000000)
   the space 37076K,  76% used [0x00000000dd800000, 0x00000000df39c2b0, 0x00000000df39c400, 0x00000000dfc35000)
 Metaspace       used 66304K, capacity 67927K, committed 68016K, reserved 1107968K
  class space    used 8348K, capacity 8956K, committed 8960K, reserved 1048576K
}
Event: 53.765 GC heap after
{Heap after GC invocations=58 (full 3):
 def new generation   total 16704K, used 1816K [0x00000000cc400000, 0x00000000cd620000, 0x00000000dd800000)
  eden space 14848K,   0% used [0x00000000cc400000, 0x00000000cc400000, 0x00000000cd280000)
  from space 1856K,  97% used [0x00000000cd280000, 0x00000000cd4460f8, 0x00000000cd450000)
  to   space 1856K,   0% used [0x00000000cd450000, 0x00000000cd450000, 0x00000000cd620000)
 tenured generation   total 37076K, used 29052K [0x00000000dd800000, 0x00000000dfc35000, 0x0000000100000000)
   the space 37076K,  78% used [0x00000000dd800000, 0x00000000df45f2b8, 0x00000000df45f400, 0x00000000dfc35000)
 Metaspace       used 66304K, capacity 67927K, committed 68016K, reserved 1107968K
  class space    used 8348K, capacity 8956K, committed 8960K, reserved 1048576K
}
Event: 54.874 GC heap before
{Heap before GC invocations=58 (full 3):
 def new generation   total 16704K, used 16664K [0x00000000cc400000, 0x00000000cd620000, 0x00000000dd800000)
  eden space 14848K, 100% used [0x00000000cc400000, 0x00000000cd280000, 0x00000000cd280000)
  from space 1856K,  97% used [0x00000000cd280000, 0x00000000cd4460f8, 0x00000000cd450000)
  to   space 1856K,   0% used [0x00000000cd450000, 0x00000000cd450000, 0x00000000cd620000)
 tenured generation   total 37076K, used 29052K [0x00000000dd800000, 0x00000000dfc35000, 0x0000000100000000)
   the space 37076K,  78% used [0x00000000dd800000, 0x00000000df45f2b8, 0x00000000df45f400, 0x00000000dfc35000)
 Metaspace       used 66806K, capacity 68399K, committed 68656K, reserved 1110016K
  class space    used 8412K, capacity 9043K, committed 9088K, reserved 1048576K
}
Event: 54.899 GC heap after
{Heap after GC invocations=59 (full 3):
 def new generation   total 16704K, used 1470K [0x00000000cc400000, 0x00000000cd620000, 0x00000000dd800000)
  eden space 14848K,   0% used [0x00000000cc400000, 0x00000000cc400000, 0x00000000cd280000)
  from space 1856K,  79% used [0x00000000cd450000, 0x00000000cd5bfbf0, 0x00000000cd620000)
  to   space 1856K,   0% used [0x00000000cd280000, 0x00000000cd280000, 0x00000000cd450000)
 tenured generation   total 37076K, used 30794K [0x00000000dd800000, 0x00000000dfc35000, 0x0000000100000000)
   the space 37076K,  83% used [0x00000000dd800000, 0x00000000df612bc8, 0x00000000df612c00, 0x00000000dfc35000)
 Metaspace       used 66806K, capacity 68399K, committed 68656K, reserved 1110016K
  class space    used 8412K, capacity 9043K, committed 9088K, reserved 1048576K
}
Event: 111.706 GC heap before
{Heap before GC invocations=59 (full 3):
 def new generation   total 16704K, used 16318K [0x00000000cc400000, 0x00000000cd620000, 0x00000000dd800000)
  eden space 14848K, 100% used [0x00000000cc400000, 0x00000000cd280000, 0x00000000cd280000)
  from space 1856K,  79% used [0x00000000cd450000, 0x00000000cd5bfbf0, 0x00000000cd620000)
  to   space 1856K,   0% used [0x00000000cd280000, 0x00000000cd280000, 0x00000000cd450000)
 tenured generation   total 37076K, used 30794K [0x00000000dd800000, 0x00000000dfc35000, 0x0000000100000000)
   the space 37076K,  83% used [0x00000000dd800000, 0x00000000df612bc8, 0x00000000df612c00, 0x00000000dfc35000)
 Metaspace       used 68253K, capacity 69905K, committed 70192K, reserved 1110016K
  class space    used 8581K, capacity 9225K, committed 9344K, reserved 1048576K
}
Event: 111.753 GC heap after
{Heap after GC invocations=60 (full 3):
 def new generation   total 16704K, used 502K [0x00000000cc400000, 0x00000000cd620000, 0x00000000dd800000)
  eden space 14848K,   0% used [0x00000000cc400000, 0x00000000cc400000, 0x00000000cd280000)
  from space 1856K,  27% used [0x00000000cd280000, 0x00000000cd2fdbb8, 0x00000000cd450000)
  to   space 1856K,   0% used [0x00000000cd450000, 0x00000000cd450000, 0x00000000cd620000)
 tenured generation   total 37076K, used 31820K [0x00000000dd800000, 0x00000000dfc35000, 0x0000000100000000)
   the space 37076K,  85% used [0x00000000dd800000, 0x00000000df7130e8, 0x00000000df713200, 0x00000000dfc35000)
 Metaspace       used 68253K, capacity 69905K, committed 70192K, reserved 1110016K
  class space    used 8581K, capacity 9225K, committed 9344K, reserved 1048576K
}
Event: 162.285 GC heap before
{Heap before GC invocations=60 (full 3):
 def new generation   total 16704K, used 15350K [0x00000000cc400000, 0x00000000cd620000, 0x00000000dd800000)
  eden space 14848K, 100% used [0x00000000cc400000, 0x00000000cd280000, 0x00000000cd280000)
  from space 1856K,  27% used [0x00000000cd280000, 0x00000000cd2fdbb8, 0x00000000cd450000)
  to   space 1856K,   0% used [0x00000000cd450000, 0x00000000cd450000, 0x00000000cd620000)
 tenured generation   total 37076K, used 31820K [0x00000000dd800000, 0x00000000dfc35000, 0x0000000100000000)
   the space 37076K,  85% used [0x00000000dd800000, 0x00000000df7130e8, 0x00000000df713200, 0x00000000dfc35000)
 Metaspace       used 69784K, capacity 71436K, committed 71600K, reserved 1112064K
  class space    used 8764K, capacity 9437K, committed 9472K, reserved 1048576K
}
Event: 162.293 GC heap after
{Heap after GC invocations=61 (full 3):
 def new generation   total 16704K, used 766K [0x00000000cc400000, 0x00000000cd620000, 0x00000000dd800000)
  eden space 14848K,   0% used [0x00000000cc400000, 0x00000000cc400000, 0x00000000cd280000)
  from space 1856K,  41% used [0x00000000cd450000, 0x00000000cd50f940, 0x00000000cd620000)
  to   space 1856K,   0% used [0x00000000cd280000, 0x00000000cd280000, 0x00000000cd450000)
 tenured generation   total 37076K, used 31820K [0x00000000dd800000, 0x00000000dfc35000, 0x0000000100000000)
   the space 37076K,  85% used [0x00000000dd800000, 0x00000000df7130e8, 0x00000000df713200, 0x00000000dfc35000)
 Metaspace       used 69784K, capacity 71436K, committed 71600K, reserved 1112064K
  class space    used 8764K, capacity 9437K, committed 9472K, reserved 1048576K
}

