# JRE version: Java(TM) SE Runtime Environment 18.9 (11.0.9+7) (build 11.0.9+7-LTS)
# Java VM: Java HotSpot(TM) 64-Bit Server VM 18.9 (11.0.9+7-LTS, mixed mode, tiered, compressed oops, serial gc, linux-amd64)
Heap:
 def new generation   total 16768K, used 12925K [0x00000000cc400000, 0x00000000cd630000, 0x00000000dd800000)
  eden space 14912K,  83% used [0x00000000cc400000, 0x00000000cd01d9f8, 0x00000000cd290000)
  from space 1856K,  27% used [0x00000000cd290000, 0x00000000cd311d18, 0x00000000cd460000)
  to   space 1856K,   0% used [0x00000000cd460000, 0x00000000cd460000, 0x00000000cd630000)
 tenured generation   total 37112K, used 31845K [0x00000000dd800000, 0x00000000dfc3e000, 0x0000000100000000)
   the space 37112K,  85% used [0x00000000dd800000, 0x00000000df719658, 0x00000000df719800, 0x00000000dfc3e000)
 Metaspace       used 69764K, capacity 71435K, committed 71856K, reserved 1112064K
  class space    used 8752K, capacity 9391K, committed 9472K, reserved 1048576K
GC Heap History (10 events):
Event: 63.613 GC heap before
{Heap before GC invocations=55 (full 3):
 def new generation   total 16768K, used 15988K [0x00000000cc400000, 0x00000000cd630000, 0x00000000dd800000)
  eden space 14912K, 100% used [0x00000000cc400000, 0x00000000cd290000, 0x00000000cd290000)
  from space 1856K,  57% used [0x00000000cd460000, 0x00000000cd56d078, 0x00000000cd630000)
  to   space 1856K,   0% used [0x00000000cd290000, 0x00000000cd290000, 0x00000000cd460000)
 tenured generation   total 37112K, used 27363K [0x00000000dd800000, 0x00000000dfc3e000, 0x0000000100000000)
   the space 37112K,  73% used [0x00000000dd800000, 0x00000000df2b8e28, 0x00000000df2b9000, 0x00000000dfc3e000)
 Metaspace       used 65326K, capacity 66841K, committed 67248K, reserved 1107968K
  class space    used 8236K, capacity 8854K, committed 8960K, reserved 1048576K
}
Event: 63.642 GC heap after
{Heap after GC invocations=56 (full 3):
 def new generation   total 16768K, used 755K [0x00000000cc400000, 0x00000000cd630000, 0x00000000dd800000)
  eden space 14912K,   0% used [0x00000000cc400000, 0x00000000cc400000, 0x00000000cd290000)
  from space 1856K,  40% used [0x00000000cd290000, 0x00000000cd34cfa0, 0x00000000cd460000)
  to   space 1856K,   0% used [0x00000000cd460000, 0x00000000cd460000, 0x00000000cd630000)
 tenured generation   total 37112K, used 28418K [0x00000000dd800000, 0x00000000dfc3e000, 0x0000000100000000)
   the space 37112K,  76% used [0x00000000dd800000, 0x00000000df3c0a58, 0x00000000df3c0c00, 0x00000000dfc3e000)
 Metaspace       used 65326K, capacity 66841K, committed 67248K, reserved 1107968K
  class space    used 8236K, capacity 8854K, committed 8960K, reserved 1048576K
}
Event: 65.559 GC heap before
{Heap before GC invocations=56 (full 3):
 def new generation   total 16768K, used 15667K [0x00000000cc400000, 0x00000000cd630000, 0x00000000dd800000)
  eden space 14912K, 100% used [0x00000000cc400000, 0x00000000cd290000, 0x00000000cd290000)
  from space 1856K,  40% used [0x00000000cd290000, 0x00000000cd34cfa0, 0x00000000cd460000)
  to   space 1856K,   0% used [0x00000000cd460000, 0x00000000cd460000, 0x00000000cd630000)
 tenured generation   total 37112K, used 28418K [0x00000000dd800000, 0x00000000dfc3e000, 0x0000000100000000)
   the space 37112K,  76% used [0x00000000dd800000, 0x00000000df3c0a58, 0x00000000df3c0c00, 0x00000000dfc3e000)
 Metaspace       used 65984K, capacity 67511K, committed 67760K, reserved 1107968K
  class space    used 8317K, capacity 8948K, committed 8960K, reserved 1048576K
}
Event: 65.568 GC heap after
{Heap after GC invocations=57 (full 3):
 def new generation   total 16768K, used 1328K [0x00000000cc400000, 0x00000000cd630000, 0x00000000dd800000)
  eden space 14912K,   0% used [0x00000000cc400000, 0x00000000cc400000, 0x00000000cd290000)
  from space 1856K,  71% used [0x00000000cd460000, 0x00000000cd5ac108, 0x00000000cd630000)
  to   space 1856K,   0% used [0x00000000cd290000, 0x00000000cd290000, 0x00000000cd460000)
 tenured generation   total 37112K, used 28418K [0x00000000dd800000, 0x00000000dfc3e000, 0x0000000100000000)
   the space 37112K,  76% used [0x00000000dd800000, 0x00000000df3c0a58, 0x00000000df3c0c00, 0x00000000dfc3e000)
 Metaspace       used 65984K, capacity 67511K, committed 67760K, reserved 1107968K
  class space    used 8317K, capacity 8948K, committed 8960K, reserved 1048576K
}
Event: 66.577 GC heap before
{Heap before GC invocations=57 (full 3):
 def new generation   total 16768K, used 16240K [0x00000000cc400000, 0x00000000cd630000, 0x00000000dd800000)
  eden space 14912K, 100% used [0x00000000cc400000, 0x00000000cd290000, 0x00000000cd290000)
  from space 1856K,  71% used [0x00000000cd460000, 0x00000000cd5ac108, 0x00000000cd630000)
  to   space 1856K,   0% used [0x00000000cd290000, 0x00000000cd290000, 0x00000000cd460000)
 tenured generation   total 37112K, used 28418K [0x00000000dd800000, 0x00000000dfc3e000, 0x0000000100000000)
   the space 37112K,  76% used [0x00000000dd800000, 0x00000000df3c0a58, 0x00000000df3c0c00, 0x00000000dfc3e000)
 Metaspace       used 66323K, capacity 67960K, committed 68144K, reserved 1107968K
  class space    used 8358K, capacity 8988K, committed 9088K, reserved 1048576K
}
Event: 66.592 GC heap after
{Heap after GC invocations=58 (full 3):
 def new generation   total 16768K, used 1807K [0x00000000cc400000, 0x00000000cd630000, 0x00000000dd800000)
  eden space 14912K,   0% used [0x00000000cc400000, 0x00000000cc400000, 0x00000000cd290000)
  from space 1856K,  97% used [0x00000000cd290000, 0x00000000cd453ed0, 0x00000000cd460000)
  to   space 1856K,   0% used [0x00000000cd460000, 0x00000000cd460000, 0x00000000cd630000)
 tenured generation   total 37112K, used 29058K [0x00000000dd800000, 0x00000000dfc3e000, 0x0000000100000000)
   the space 37112K,  78% used [0x00000000dd800000, 0x00000000df460a50, 0x00000000df460c00, 0x00000000dfc3e000)
 Metaspace       used 66323K, capacity 67960K, committed 68144K, reserved 1107968K
  class space    used 8358K, capacity 8988K, committed 9088K, reserved 1048576K
}
Event: 68.018 GC heap before
{Heap before GC invocations=58 (full 3):
 def new generation   total 16768K, used 16719K [0x00000000cc400000, 0x00000000cd630000, 0x00000000dd800000)
  eden space 14912K, 100% used [0x00000000cc400000, 0x00000000cd290000, 0x00000000cd290000)
  from space 1856K,  97% used [0x00000000cd290000, 0x00000000cd453ed0, 0x00000000cd460000)
  to   space 1856K,   0% used [0x00000000cd460000, 0x00000000cd460000, 0x00000000cd630000)
 tenured generation   total 37112K, used 29058K [0x00000000dd800000, 0x00000000dfc3e000, 0x0000000100000000)
   the space 37112K,  78% used [0x00000000dd800000, 0x00000000df460a50, 0x00000000df460c00, 0x00000000dfc3e000)
 Metaspace       used 66829K, capacity 68433K, committed 68656K, reserved 1110016K
  class space    used 8422K, capacity 9075K, committed 9088K, reserved 1048576K
}
Event: 68.041 GC heap after
{Heap after GC invocations=59 (full 3):
 def new generation   total 16768K, used 1358K [0x00000000cc400000, 0x00000000cd630000, 0x00000000dd800000)
  eden space 14912K,   0% used [0x00000000cc400000, 0x00000000cc400000, 0x00000000cd290000)
  from space 1856K,  73% used [0x00000000cd460000, 0x00000000cd5b3828, 0x00000000cd630000)
  to   space 1856K,   0% used [0x00000000cd290000, 0x00000000cd290000, 0x00000000cd460000)
 tenured generation   total 37112K, used 30832K [0x00000000dd800000, 0x00000000dfc3e000, 0x0000000100000000)
   the space 37112K,  83% used [0x00000000dd800000, 0x00000000df61c0f0, 0x00000000df61c200, 0x00000000dfc3e000)
 Metaspace       used 66829K, capacity 68433K, committed 68656K, reserved 1110016K
  class space    used 8422K, capacity 9075K, committed 9088K, reserved 1048576K
}
Event: 196.088 GC heap before
{Heap before GC invocations=59 (full 3):
 def new generation   total 16768K, used 16264K [0x00000000cc400000, 0x00000000cd630000, 0x00000000dd800000)
  eden space 14912K,  99% used [0x00000000cc400000, 0x00000000cd28e7e8, 0x00000000cd290000)
  from space 1856K,  73% used [0x00000000cd460000, 0x00000000cd5b3828, 0x00000000cd630000)
  to   space 1856K,   0% used [0x00000000cd290000, 0x00000000cd290000, 0x00000000cd460000)
 tenured generation   total 37112K, used 30832K [0x00000000dd800000, 0x00000000dfc3e000, 0x0000000100000000)
   the space 37112K,  83% used [0x00000000dd800000, 0x00000000df61c0f0, 0x00000000df61c200, 0x00000000dfc3e000)
 Metaspace       used 68425K, capacity 70070K, committed 70448K, reserved 1110016K
  class space    used 8605K, capacity 9258K, committed 9344K, reserved 1048576K
}
Event: 196.147 GC heap after
{Heap after GC invocations=60 (full 3):
 def new generation   total 16768K, used 519K [0x00000000cc400000, 0x00000000cd630000, 0x00000000dd800000)
  eden space 14912K,   0% used [0x00000000cc400000, 0x00000000cc400000, 0x00000000cd290000)
  from space 1856K,  27% used [0x00000000cd290000, 0x00000000cd311d18, 0x00000000cd460000)
  to   space 1856K,   0% used [0x00000000cd460000, 0x00000000cd460000, 0x00000000cd630000)
 tenured generation   total 37112K, used 31845K [0x00000000dd800000, 0x00000000dfc3e000, 0x0000000100000000)
   the space 37112K,  85% used [0x00000000dd800000, 0x00000000df719658, 0x00000000df719800, 0x00000000dfc3e000)
 Metaspace       used 68425K, capacity 70070K, committed 70448K, reserved 1110016K
  class space    used 8605K, capacity 9258K, committed 9344K, reserved 1048576K
}

